<?xml version="1.0" encoding="UTF-8"?>
<!-- Generated by org.testng.reporters.JUnitXMLReporter -->
<testsuite hostname="VIVEK" name="Default test(failed)" tests="1" failures="1" timestamp="6 Jan 2021 10:12:36 GMT" time="19.196" errors="0">
  <testcase name="signIn" time="2.063" classname="VIK.Framework.ValidateTitle">
    <failure type="java.lang.AssertionError" message="expected:&amp;lt;MY ACCOUNT&amp;gt; but was:&amp;lt;my account&amp;gt;">
      <![CDATA[java.lang.AssertionError: expected:<MY ACCOUNT> but was:<my account>
	at VIK.Framework.ValidateTitle.signIn(ValidateTitle.java:37)
... Removed 27 stack frames]]>
    </failure>
  </testcase> <!-- signIn -->
</testsuite> <!-- Default test(failed) -->
