<?xml version="1.0" encoding="UTF-8"?>
<!-- Generated by org.testng.reporters.JUnitXMLReporter -->
<testsuite hostname="VIVEK" name="Test1" tests="1" failures="1" timestamp="8 Jan 2021 20:24:26 GMT" time="18.373" errors="0">
  <testcase name="failedTC" time="2.079" classname="VIK.Framework.ValidateTitle">
    <failure type="java.lang.AssertionError" message="expected [my account] but found [MY ACCOUNT]">
      <![CDATA[java.lang.AssertionError: expected [my account] but found [MY ACCOUNT]
	at VIK.Framework.ValidateTitle.failedTC(ValidateTitle.java:39)
... Removed 31 stack frames]]>
    </failure>
  </testcase> <!-- failedTC -->
</testsuite> <!-- Test1 -->
