<?xml version="1.0" encoding="UTF-8"?>
<!-- Generated by org.testng.reporters.JUnitXMLReporter -->
<testsuite ignored="0" hostname="VIVEK" failures="1" tests="1" name="Test1" time="28.735" errors="0" timestamp="2021-01-08T15:57:56 PST">
  <testcase classname="VIK.Framework.ValidateTitle" name="failedTC" time="2.555">
    <failure type="java.lang.AssertionError" message="expected [my account] but found [MY ACCOUNT]">
      <![CDATA[java.lang.AssertionError: expected [my account] but found [MY ACCOUNT]
at VIK.Framework.ValidateTitle.failedTC(ValidateTitle.java:39)
at java.base/java.util.ArrayList.forEach(ArrayList.java:1511)
... Removed 37 stack frames]]>
    </failure>
  </testcase> <!-- failedTC -->
</testsuite> <!-- Test1 -->
